<?xml version="1.0" encoding="UTF-8"?>
<!-- Generated by org.testng.reporters.JUnitXMLReporter -->
<testsuite ignored="0" hostname="DESKTOP-MEGUF6G" failures="0" tests="4" name="Surefire test" time="0.06" errors="0" timestamp="2022-06-16T09:09:56 IST">
  <testcase classname="com.tests.AppiumTest" name="closeBrowser" time="0.007"/>
  <testcase classname="com.tests.AppiumTest" name="openBrowser" time="0.0"/>
  <testcase classname="com.tests.SeleniumTest" name="doLogin" time="0.0"/>
  <testcase classname="com.tests.SeleniumTest" name="userRegistration" time="0.001"/>
</testsuite> <!-- Surefire test -->
