<?xml version="1.0" encoding="UTF-8"?>
<testsuite xmlns:xsi="http://www.w3.org/2001/XMLSchema-instance" xsi:noNamespaceSchemaLocation="https://maven.apache.org/surefire/maven-surefire-plugin/xsd/surefire-test-report.xsd" name="TestSuite" time="1.483" tests="4" errors="0" skipped="0" failures="0">
  <properties>
[...]
</properties>
  <testcase name="closeBrowser" classname="com.tests.AppiumTest" time="0.009"/>
  <testcase name="openBrowser" classname="com.tests.AppiumTest" time="0"/>
  <testcase name="doLogin" classname="com.tests.SeleniumTest" time="0"/>
  <testcase name="userRegistration" classname="com.tests.SeleniumTest" time="0.001"/>
</testsuite>