<?xml version="1.0" encoding="UTF-8"?>
<testng-results ignored="0" total="4" passed="4" failed="0" skipped="0">
  <reporter-output>
  </reporter-output>
  <suite started-at="2022-06-16T09:09:56 IST" name="Surefire suite" finished-at="2022-06-16T09:09:56 IST" duration-ms="60">
    <groups>
    </groups>
    <test started-at="2022-06-16T09:09:56 IST" name="Surefire test" finished-at="2022-06-16T09:09:56 IST" duration-ms="60">
      <class name="com.tests.SeleniumTest">
        <test-method signature="doLogin()[pri:0, instance:com.tests.SeleniumTest@71d15f18]" started-at="2022-06-16T09:09:56 IST" name="doLogin" finished-at="2022-06-16T09:09:56 IST" duration-ms="0" status="PASS">
          <reporter-output>
          </reporter-output>
        </test-method> <!-- doLogin -->
        <test-method signature="userRegistration()[pri:0, instance:com.tests.SeleniumTest@71d15f18]" started-at="2022-06-16T09:09:56 IST" name="userRegistration" finished-at="2022-06-16T09:09:56 IST" duration-ms="1" status="PASS">
          <reporter-output>
          </reporter-output>
        </test-method> <!-- userRegistration -->
      </class> <!-- com.tests.SeleniumTest -->
      <class name="com.tests.AppiumTest">
        <test-method signature="closeBrowser()[pri:0, instance:com.tests.AppiumTest@43d7741f]" started-at="2022-06-16T09:09:56 IST" name="closeBrowser" finished-at="2022-06-16T09:09:56 IST" duration-ms="7" status="PASS">
          <reporter-output>
          </reporter-output>
        </test-method> <!-- closeBrowser -->
        <test-method signature="openBrowser()[pri:0, instance:com.tests.AppiumTest@43d7741f]" started-at="2022-06-16T09:09:56 IST" name="openBrowser" finished-at="2022-06-16T09:09:56 IST" duration-ms="0" status="PASS">
          <reporter-output>
          </reporter-output>
        </test-method> <!-- openBrowser -->
      </class> <!-- com.tests.AppiumTest -->
    </test> <!-- Surefire test -->
  </suite> <!-- Surefire suite -->
</testng-results>
